# JRE version: Java(TM) SE Runtime Environment (8.0_201-b09) (build 1.8.0_201-b09)
# Java VM: Java HotSpot(TM) 64-Bit Server VM (25.201-b09 mixed mode windows-amd64 compressed oops)
Heap:
 PSYoungGen      total 249344K, used 68431K [0x00000000eab00000, 0x0000000100000000, 0x0000000100000000)
  eden space 149504K, 45% used [0x00000000eab00000,0x00000000eed60ee8,0x00000000f3d00000)
  from space 99840K, 0% used [0x00000000f9c80000,0x00000000f9cf3000,0x00000000ffe00000)
  to   space 97792K, 0% used [0x00000000f3d00000,0x00000000f3d00000,0x00000000f9c80000)
 ParOldGen       total 411648K, used 175652K [0x00000000c0000000, 0x00000000d9200000, 0x00000000eab00000)
  object space 411648K, 42% used [0x00000000c0000000,0x00000000cab892e8,0x00000000d9200000)
 Metaspace       used 88142K, capacity 91344K, committed 91440K, reserved 1128448K
  class space    used 11410K, capacity 12069K, committed 12080K, reserved 1048576K
GC Heap History (10 events):
Event: 98.350 GC heap before
{Heap before GC invocations=33 (full 4):
 PSYoungGen      total 249856K, used 211689K [0x00000000eab00000, 0x0000000100000000, 0x0000000100000000)
  eden space 157696K, 98% used [0x00000000eab00000,0x00000000f421a0d0,0x00000000f4500000)
  from space 92160K, 61% used [0x00000000fa600000,0x00000000fdda04e8,0x0000000100000000)
  to   space 95744K, 0% used [0x00000000f4500000,0x00000000f4500000,0x00000000fa280000)
 ParOldGen       total 323072K, used 232935K [0x00000000c0000000, 0x00000000d3b80000, 0x00000000eab00000)
  object space 323072K, 72% used [0x00000000c0000000,0x00000000ce379f10,0x00000000d3b80000)
 Metaspace       used 84583K, capacity 87770K, committed 87856K, reserved 1126400K
  class space    used 11118K, capacity 11806K, committed 11824K, reserved 1048576K
Event: 98.372 GC heap after
Heap after GC invocations=33 (full 4):
 PSYoungGen      total 222720K, used 64778K [0x00000000eab00000, 0x0000000100000000, 0x0000000100000000)
  eden space 157696K, 0% used [0x00000000eab00000,0x00000000eab00000,0x00000000f4500000)
  from space 65024K, 99% used [0x00000000f4500000,0x00000000f84429d8,0x00000000f8480000)
  to   space 100864K, 0% used [0x00000000f9d80000,0x00000000f9d80000,0x0000000100000000)
 ParOldGen       total 323072K, used 272883K [0x00000000c0000000, 0x00000000d3b80000, 0x00000000eab00000)
  object space 323072K, 84% used [0x00000000c0000000,0x00000000d0a7cfa8,0x00000000d3b80000)
 Metaspace       used 84583K, capacity 87770K, committed 87856K, reserved 1126400K
  class space    used 11118K, capacity 11806K, committed 11824K, reserved 1048576K
}
Event: 99.143 GC heap before
{Heap before GC invocations=34 (full 5):
 PSYoungGen      total 222720K, used 222013K [0x00000000eab00000, 0x0000000100000000, 0x0000000100000000)
  eden space 157696K, 99% used [0x00000000eab00000,0x00000000f448ccc0,0x00000000f4500000)
  from space 65024K, 99% used [0x00000000f4500000,0x00000000f84429d8,0x00000000f8480000)
  to   space 100864K, 0% used [0x00000000f9d80000,0x00000000f9d80000,0x0000000100000000)
 ParOldGen       total 338432K, used 337396K [0x00000000c0000000, 0x00000000d4a80000, 0x00000000eab00000)
  object space 338432K, 99% used [0x00000000c0000000,0x00000000d497d398,0x00000000d4a80000)
 Metaspace       used 84742K, capacity 87886K, committed 88240K, reserved 1126400K
  class space    used 11145K, capacity 11842K, committed 11952K, reserved 1048576K
Event: 99.270 GC heap after
Heap after GC invocations=34 (full 5):
 PSYoungGen      total 222720K, used 0K [0x00000000eab00000, 0x0000000100000000, 0x0000000100000000)
  eden space 157696K, 0% used [0x00000000eab00000,0x00000000eab00000,0x00000000f4500000)
  from space 65024K, 0% used [0x00000000f4500000,0x00000000f4500000,0x00000000f8480000)
  to   space 100864K, 0% used [0x00000000f9d80000,0x00000000f9d80000,0x0000000100000000)
 ParOldGen       total 411648K, used 175572K [0x00000000c0000000, 0x00000000d9200000, 0x00000000eab00000)
  object space 411648K, 42% used [0x00000000c0000000,0x00000000cab752e8,0x00000000d9200000)
 Metaspace       used 84742K, capacity 87886K, committed 88240K, reserved 1126400K
  class space    used 11145K, capacity 11842K, committed 11952K, reserved 1048576K
}
Event: 99.525 GC heap before
{Heap before GC invocations=35 (full 5):
 PSYoungGen      total 222720K, used 157695K [0x00000000eab00000, 0x0000000100000000, 0x0000000100000000)
  eden space 157696K, 99% used [0x00000000eab00000,0x00000000f44ffe30,0x00000000f4500000)
  from space 65024K, 0% used [0x00000000f4500000,0x00000000f4500000,0x00000000f8480000)
  to   space 100864K, 0% used [0x00000000f9d80000,0x00000000f9d80000,0x0000000100000000)
 ParOldGen       total 411648K, used 175572K [0x00000000c0000000, 0x00000000d9200000, 0x00000000eab00000)
  object space 411648K, 42% used [0x00000000c0000000,0x00000000cab752e8,0x00000000d9200000)
 Metaspace       used 84750K, capacity 87886K, committed 88240K, reserved 1126400K
  class space    used 11145K, capacity 11842K, committed 11952K, reserved 1048576K
Event: 99.529 GC heap after
Heap after GC invocations=35 (full 5):
 PSYoungGen      total 248320K, used 192K [0x00000000eab00000, 0x0000000100000000, 0x0000000100000000)
  eden space 147456K, 0% used [0x00000000eab00000,0x00000000eab00000,0x00000000f3b00000)
  from space 100864K, 0% used [0x00000000f9d80000,0x00000000f9db0000,0x0000000100000000)
  to   space 100864K, 0% used [0x00000000f3b00000,0x00000000f3b00000,0x00000000f9d80000)
 ParOldGen       total 411648K, used 175572K [0x00000000c0000000, 0x00000000d9200000, 0x00000000eab00000)
  object space 411648K, 42% used [0x00000000c0000000,0x00000000cab752e8,0x00000000d9200000)
 Metaspace       used 84750K, capacity 87886K, committed 88240K, reserved 1126400K
  class space    used 11145K, capacity 11842K, committed 11952K, reserved 1048576K
}
Event: 99.786 GC heap before
{Heap before GC invocations=36 (full 5):
 PSYoungGen      total 248320K, used 147060K [0x00000000eab00000, 0x0000000100000000, 0x0000000100000000)
  eden space 147456K, 99% used [0x00000000eab00000,0x00000000f3a6d380,0x00000000f3b00000)
  from space 100864K, 0% used [0x00000000f9d80000,0x00000000f9db0000,0x0000000100000000)
  to   space 100864K, 0% used [0x00000000f3b00000,0x00000000f3b00000,0x00000000f9d80000)
 ParOldGen       total 411648K, used 175572K [0x00000000c0000000, 0x00000000d9200000, 0x00000000eab00000)
  object space 411648K, 42% used [0x00000000c0000000,0x00000000cab752e8,0x00000000d9200000)
 Metaspace       used 84750K, capacity 87886K, committed 88240K, reserved 1126400K
  class space    used 11145K, capacity 11842K, committed 11952K, reserved 1048576K
Event: 99.789 GC heap after
Heap after GC invocations=36 (full 5):
 PSYoungGen      total 147968K, used 224K [0x00000000eab00000, 0x00000000ffe00000, 0x0000000100000000)
  eden space 147456K, 0% used [0x00000000eab00000,0x00000000eab00000,0x00000000f3b00000)
  from space 512K, 43% used [0x00000000f3b00000,0x00000000f3b38000,0x00000000f3b80000)
  to   space 99840K, 0% used [0x00000000f9c80000,0x00000000f9c80000,0x00000000ffe00000)
 ParOldGen       total 411648K, used 175604K [0x00000000c0000000, 0x00000000d9200000, 0x00000000eab00000)
  object space 411648K, 42% used [0x00000000c0000000,0x00000000cab7d2e8,0x00000000d9200000)
 Metaspace       used 84750K, capacity 87886K, committed 88240K, reserved 1126400K
  class space    used 11145K, capacity 11842K, committed 11952K, reserved 1048576K
}
Event: 102.317 GC heap before
{Heap before GC invocations=37 (full 5):
 PSYoungGen      total 147968K, used 147680K [0x00000000eab00000, 0x00000000ffe00000, 0x0000000100000000)
  eden space 147456K, 100% used [0x00000000eab00000,0x00000000f3b00000,0x00000000f3b00000)
  from space 512K, 43% used [0x00000000f3b00000,0x00000000f3b38000,0x00000000f3b80000)
  to   space 99840K, 0% used [0x00000000f9c80000,0x00000000f9c80000,0x00000000ffe00000)
 ParOldGen       total 411648K, used 175604K [0x00000000c0000000, 0x00000000d9200000, 0x00000000eab00000)
  object space 411648K, 42% used [0x00000000c0000000,0x00000000cab7d2e8,0x00000000d9200000)
 Metaspace       used 84902K, capacity 88044K, committed 88240K, reserved 1126400K
  class space    used 11169K, capacity 11847K, committed 11952K, reserved 1048576K
Event: 102.322 GC heap after
Heap after GC invocations=37 (full 5):
 PSYoungGen      total 249344K, used 460K [0x00000000eab00000, 0x0000000100000000, 0x0000000100000000)
  eden space 149504K, 0% used [0x00000000eab00000,0x00000000eab00000,0x00000000f3d00000)
  from space 99840K, 0% used [0x00000000f9c80000,0x00000000f9cf3000,0x00000000ffe00000)
  to   space 97792K, 0% used [0x00000000f3d00000,0x00000000f3d00000,0x00000000f9c80000)
 ParOldGen       total 411648K, used 175652K [0x00000000c0000000, 0x00000000d9200000, 0x00000000eab00000)
  object space 411648K, 42% used [0x00000000c0000000,0x00000000cab892e8,0x00000000d9200000)
 Metaspace       used 84902K, capacity 88044K, committed 88240K, reserved 1126400K
  class space    used 11169K, capacity 11847K, committed 11952K, reserved 1048576K
}

